[debug] [2023-01-29T08:47:30.488Z] ----------------------------------------------------------------------
[debug] [2023-01-29T08:47:30.490Z] Command:       C:\Program Files\nodejs\node.exe C:\Users\victo\AppData\Roaming\npm\node_modules\firebase-tools\lib\bin\firebase.js init
[debug] [2023-01-29T08:47:30.491Z] CLI Version:   11.21.0
[debug] [2023-01-29T08:47:30.491Z] Platform:      win32
[debug] [2023-01-29T08:47:30.491Z] Node Version:  v18.13.0
[debug] [2023-01-29T08:47:30.492Z] Time:          Sun Jan 29 2023 10:47:30 GMT+0200 (South Africa Standard Time)
[debug] [2023-01-29T08:47:30.493Z] ----------------------------------------------------------------------
[debug] 
[debug] [2023-01-29T08:47:30.502Z] > command requires scopes: ["email","openid","https://www.googleapis.com/auth/cloudplatformprojects.readonly","https://www.googleapis.com/auth/firebase","https://www.googleapis.com/auth/cloud-platform"]
[debug] [2023-01-29T08:47:30.503Z] > authorizing via signed-in user (victormothusi@outlook.com)
[info] 
     ######## #### ########  ######## ########     ###     ######  ########
     ##        ##  ##     ## ##       ##     ##  ##   ##  ##       ##
     ######    ##  ########  ######   ########  #########  ######  ######
     ##        ##  ##    ##  ##       ##     ## ##     ##       ## ##
     ##       #### ##     ## ######## ########  ##     ##  ######  ########

You're about to initialize a Firebase project in this directory:

  C:\Users\victo\OneDrive - University of Botswana\Desktop\WEBSITE VERSION 2

[info] 
=== Project Setup
[info] 
[info] First, let's associate this project directory with a Firebase project.
[info] You can create multiple project aliases by running firebase use --add, 
[info] but for now we'll just set up a default project.
[info] 
[debug] [2023-01-29T08:48:00.105Z] >>> [apiv2][query] GET https://firebase.googleapis.com/v1beta1/projects pageSize=100
[debug] [2023-01-29T08:48:01.012Z] <<< [apiv2][status] GET https://firebase.googleapis.com/v1beta1/projects 200
[debug] [2023-01-29T08:48:01.012Z] <<< [apiv2][body] GET https://firebase.googleapis.com/v1beta1/projects [omitted]
[info] i  Using project intechtest-1 (intechTest-1) 
[info] 
=== Hosting Setup
[info] 
[info] Your public directory is the folder (relative to your project directory) that
[info] will contain Hosting assets to be uploaded with firebase deploy. If you
[info] have a build process for your assets, use your build's output directory.
[info] 
